mode: set
dashboard/cmd/api/routes/main.go:12.13,15.16 2 0
dashboard/cmd/api/routes/main.go:15.16,17.3 1 0
dashboard/cmd/api/routes/main.go:20.2,27.56 4 0
dashboard/cmd/api/routes/main.go:27.56,29.3 1 0
dashboard/cmd/api/routes/internal/handlers/awsHandler.go:15.100,26.16 4 0
dashboard/cmd/api/routes/internal/handlers/awsHandler.go:26.16,28.3 1 0
dashboard/cmd/api/routes/internal/handlers/awsHandler.go:29.2,31.77 2 0
dashboard/cmd/api/routes/internal/handlers/awsHandler.go:34.64,43.16 7 0
dashboard/cmd/api/routes/internal/handlers/awsHandler.go:43.16,46.3 2 0
dashboard/cmd/api/routes/internal/handlers/awsHandler.go:48.2,58.78 3 0
dashboard/cmd/api/routes/internal/handlers/awsHandler.go:58.78,61.3 2 0
dashboard/cmd/api/routes/internal/handlers/awsHomeHandler.go:9.61,17.78 3 0
dashboard/cmd/api/routes/internal/handlers/awsHomeHandler.go:17.78,20.3 2 0
dashboard/cmd/api/routes/internal/handlers/gitAuthorsHandler.go:13.47,15.16 2 0
dashboard/cmd/api/routes/internal/handlers/gitAuthorsHandler.go:15.16,17.3 1 0
dashboard/cmd/api/routes/internal/handlers/gitAuthorsHandler.go:19.2,20.32 2 0
dashboard/cmd/api/routes/internal/handlers/gitAuthorsHandler.go:20.32,22.3 1 0
dashboard/cmd/api/routes/internal/handlers/gitAuthorsHandler.go:23.2,23.21 1 0
dashboard/cmd/api/routes/internal/handlers/gitAuthorsHandler.go:27.64,29.16 2 0
dashboard/cmd/api/routes/internal/handlers/gitAuthorsHandler.go:29.16,32.3 2 0
dashboard/cmd/api/routes/internal/handlers/gitAuthorsHandler.go:34.2,40.78 2 0
dashboard/cmd/api/routes/internal/handlers/gitAuthorsHandler.go:40.78,43.3 2 0
dashboard/cmd/api/routes/internal/handlers/gitHandler.go:14.77,16.24 2 0
dashboard/cmd/api/routes/internal/handlers/gitHandler.go:16.24,18.3 1 0
dashboard/cmd/api/routes/internal/handlers/gitHandler.go:19.2,19.24 1 0
dashboard/cmd/api/routes/internal/handlers/gitHandler.go:19.24,21.3 1 0
dashboard/cmd/api/routes/internal/handlers/gitHandler.go:22.2,25.16 3 0
dashboard/cmd/api/routes/internal/handlers/gitHandler.go:25.16,27.3 1 0
dashboard/cmd/api/routes/internal/handlers/gitHandler.go:28.2,30.77 2 0
dashboard/cmd/api/routes/internal/handlers/gitHandler.go:33.64,38.16 4 0
dashboard/cmd/api/routes/internal/handlers/gitHandler.go:38.16,41.3 2 0
dashboard/cmd/api/routes/internal/handlers/gitHandler.go:43.2,51.78 2 0
dashboard/cmd/api/routes/internal/handlers/gitHandler.go:51.78,54.3 2 0
dashboard/cmd/api/routes/internal/handlers/gitHomeHandler.go:10.61,12.16 2 0
dashboard/cmd/api/routes/internal/handlers/gitHomeHandler.go:12.16,15.3 2 0
dashboard/cmd/api/routes/internal/handlers/gitHomeHandler.go:17.2,18.16 2 0
dashboard/cmd/api/routes/internal/handlers/gitHomeHandler.go:18.16,20.3 1 0
dashboard/cmd/api/routes/internal/handlers/gitHomeHandler.go:22.2,28.78 2 0
dashboard/cmd/api/routes/internal/handlers/gitHomeHandler.go:28.78,31.3 2 0
dashboard/cmd/api/routes/internal/handlers/gitReposHandler.go:13.52,15.16 2 0
dashboard/cmd/api/routes/internal/handlers/gitReposHandler.go:15.16,17.3 1 0
dashboard/cmd/api/routes/internal/handlers/gitReposHandler.go:19.2,20.30 2 0
dashboard/cmd/api/routes/internal/handlers/gitReposHandler.go:20.30,22.3 1 0
dashboard/cmd/api/routes/internal/handlers/gitReposHandler.go:23.2,23.19 1 0
dashboard/cmd/api/routes/internal/handlers/gitReposHandler.go:27.62,29.16 2 0
dashboard/cmd/api/routes/internal/handlers/gitReposHandler.go:29.16,32.3 2 0
dashboard/cmd/api/routes/internal/handlers/gitReposHandler.go:34.2,40.78 2 0
dashboard/cmd/api/routes/internal/handlers/gitReposHandler.go:40.78,43.3 2 0
dashboard/cmd/api/routes/internal/routes/routes.go:9.35,20.2 8 0
dashboard/cmd/api/routes/config/config.go:18.65,20.16 2 1
dashboard/cmd/api/routes/config/config.go:20.16,22.3 1 1
dashboard/cmd/api/routes/config/config.go:23.2,23.47 1 1
dashboard/cmd/api/routes/config/config.go:28.36,32.16 3 1
dashboard/cmd/api/routes/config/config.go:32.16,34.3 1 1
dashboard/cmd/api/routes/config/config.go:36.2,41.16 3 1
dashboard/cmd/api/routes/config/config.go:41.16,43.3 1 1
dashboard/cmd/api/routes/config/config.go:45.2,49.16 4 1
dashboard/cmd/api/routes/config/config.go:49.16,51.3 1 1
dashboard/cmd/api/routes/config/config.go:53.2,53.20 1 1
dashboard/cmd/api/routes/internal/helpers/decodeMongoCursor.go:35.75,37.23 2 1
dashboard/cmd/api/routes/internal/helpers/decodeMongoCursor.go:37.23,39.48 2 1
dashboard/cmd/api/routes/internal/helpers/decodeMongoCursor.go:39.48,41.4 1 1
dashboard/cmd/api/routes/internal/helpers/decodeMongoCursor.go:42.3,42.36 1 1
dashboard/cmd/api/routes/internal/helpers/decodeMongoCursor.go:44.2,44.21 1 1
dashboard/cmd/api/routes/internal/helpers/htmlTemplateHelper.go:13.95,15.3 1 0
dashboard/cmd/api/routes/internal/helpers/htmlTemplateHelper.go:18.89,20.16 2 1
dashboard/cmd/api/routes/internal/helpers/htmlTemplateHelper.go:20.16,22.3 1 1
dashboard/cmd/api/routes/internal/helpers/htmlTemplateHelper.go:24.2,25.16 2 1
dashboard/cmd/api/routes/internal/helpers/htmlTemplateHelper.go:25.16,27.3 1 1
dashboard/cmd/api/routes/internal/helpers/htmlTemplateHelper.go:29.2,29.55 1 1
dashboard/cmd/api/routes/internal/helpers/htmlTemplateHelper.go:29.55,31.3 1 1
dashboard/cmd/api/routes/internal/helpers/htmlTemplateHelper.go:33.2,33.12 1 1
dashboard/cmd/api/routes/internal/database/db.go:58.79,58.111 1 0
dashboard/cmd/api/routes/internal/database/db.go:59.106,61.3 1 0
dashboard/cmd/api/routes/internal/database/db.go:64.39,70.16 5 1
dashboard/cmd/api/routes/internal/database/db.go:70.16,72.3 1 1
dashboard/cmd/api/routes/internal/database/db.go:74.2,75.16 2 1
dashboard/cmd/api/routes/internal/database/db.go:75.16,77.3 1 1
dashboard/cmd/api/routes/internal/database/db.go:79.2,83.12 4 1
